[2023-12-15T17:51:14.314+0000] {taskinstance.py:1159} INFO - Dependencies all met for dep_context=non-requeueable deps ti=<TaskInstance: daily_transaction_fact.fetch_data_from_postgres scheduled__2023-12-14T00:00:00+00:00 [queued]>
[2023-12-15T17:51:14.319+0000] {taskinstance.py:1159} INFO - Dependencies all met for dep_context=requeueable deps ti=<TaskInstance: daily_transaction_fact.fetch_data_from_postgres scheduled__2023-12-14T00:00:00+00:00 [queued]>
[2023-12-15T17:51:14.319+0000] {taskinstance.py:1361} INFO - Starting attempt 1 of 2
[2023-12-15T17:51:14.328+0000] {taskinstance.py:1382} INFO - Executing <Task(PythonOperator): fetch_data_from_postgres> on 2023-12-14 00:00:00+00:00
[2023-12-15T17:51:14.333+0000] {standard_task_runner.py:57} INFO - Started process 274 to run task
[2023-12-15T17:51:14.335+0000] {standard_task_runner.py:84} INFO - Running: ['***', 'tasks', 'run', 'daily_transaction_fact', 'fetch_data_from_postgres', 'scheduled__2023-12-14T00:00:00+00:00', '--job-id', '3', '--raw', '--subdir', 'DAGS_FOLDER/transaction_fact.py', '--cfg-path', '/tmp/tmpfaoicx96']
[2023-12-15T17:51:14.337+0000] {standard_task_runner.py:85} INFO - Job 3: Subtask fetch_data_from_postgres
[2023-12-15T17:51:14.370+0000] {task_command.py:416} INFO - Running <TaskInstance: daily_transaction_fact.fetch_data_from_postgres scheduled__2023-12-14T00:00:00+00:00 [running]> on host 5f9e80443a11
[2023-12-15T17:51:14.426+0000] {taskinstance.py:1662} INFO - Exporting env vars: AIRFLOW_CTX_DAG_OWNER='***' AIRFLOW_CTX_DAG_ID='daily_transaction_fact' AIRFLOW_CTX_TASK_ID='fetch_data_from_postgres' AIRFLOW_CTX_EXECUTION_DATE='2023-12-14T00:00:00+00:00' AIRFLOW_CTX_TRY_NUMBER='1' AIRFLOW_CTX_DAG_RUN_ID='scheduled__2023-12-14T00:00:00+00:00'
[2023-12-15T17:51:14.433+0000] {python.py:194} INFO - Done. Returned value was: None
[2023-12-15T17:51:14.440+0000] {taskinstance.py:1400} INFO - Marking task as SUCCESS. dag_id=daily_transaction_fact, task_id=fetch_data_from_postgres, execution_date=20231214T000000, start_date=20231215T175114, end_date=20231215T175114
[2023-12-15T17:51:14.466+0000] {local_task_job_runner.py:228} INFO - Task exited with return code 0
[2023-12-15T17:51:14.495+0000] {taskinstance.py:2778} INFO - 1 downstream tasks scheduled from follow-on schedule check
[2023-12-15T17:57:39.038+0000] {taskinstance.py:1159} INFO - Dependencies all met for dep_context=non-requeueable deps ti=<TaskInstance: daily_transaction_fact.fetch_data_from_postgres scheduled__2023-12-14T00:00:00+00:00 [queued]>
[2023-12-15T17:57:39.047+0000] {taskinstance.py:1159} INFO - Dependencies all met for dep_context=requeueable deps ti=<TaskInstance: daily_transaction_fact.fetch_data_from_postgres scheduled__2023-12-14T00:00:00+00:00 [queued]>
[2023-12-15T17:57:39.047+0000] {taskinstance.py:1361} INFO - Starting attempt 1 of 2
[2023-12-15T17:57:39.059+0000] {taskinstance.py:1382} INFO - Executing <Task(PythonOperator): fetch_data_from_postgres> on 2023-12-14 00:00:00+00:00
[2023-12-15T17:57:39.067+0000] {standard_task_runner.py:57} INFO - Started process 86 to run task
[2023-12-15T17:57:39.070+0000] {standard_task_runner.py:84} INFO - Running: ['***', 'tasks', 'run', 'daily_transaction_fact', 'fetch_data_from_postgres', 'scheduled__2023-12-14T00:00:00+00:00', '--job-id', '3', '--raw', '--subdir', 'DAGS_FOLDER/transaction_fact.py', '--cfg-path', '/tmp/tmp0_sikka3']
[2023-12-15T17:57:39.072+0000] {standard_task_runner.py:85} INFO - Job 3: Subtask fetch_data_from_postgres
[2023-12-15T17:57:39.114+0000] {task_command.py:416} INFO - Running <TaskInstance: daily_transaction_fact.fetch_data_from_postgres scheduled__2023-12-14T00:00:00+00:00 [running]> on host 1cc014cbc037
[2023-12-15T17:57:39.180+0000] {taskinstance.py:1662} INFO - Exporting env vars: AIRFLOW_CTX_DAG_OWNER='***' AIRFLOW_CTX_DAG_ID='daily_transaction_fact' AIRFLOW_CTX_TASK_ID='fetch_data_from_postgres' AIRFLOW_CTX_EXECUTION_DATE='2023-12-14T00:00:00+00:00' AIRFLOW_CTX_TRY_NUMBER='1' AIRFLOW_CTX_DAG_RUN_ID='scheduled__2023-12-14T00:00:00+00:00'
[2023-12-15T17:57:39.187+0000] {python.py:194} INFO - Done. Returned value was: None
[2023-12-15T17:57:39.195+0000] {taskinstance.py:1400} INFO - Marking task as SUCCESS. dag_id=daily_transaction_fact, task_id=fetch_data_from_postgres, execution_date=20231214T000000, start_date=20231215T175739, end_date=20231215T175739
[2023-12-15T17:57:39.242+0000] {local_task_job_runner.py:228} INFO - Task exited with return code 0
[2023-12-15T17:57:39.262+0000] {taskinstance.py:2778} INFO - 1 downstream tasks scheduled from follow-on schedule check
[2023-12-15T18:08:57.979+0000] {taskinstance.py:1159} INFO - Dependencies all met for dep_context=non-requeueable deps ti=<TaskInstance: daily_transaction_fact.fetch_data_from_postgres scheduled__2023-12-14T00:00:00+00:00 [queued]>
[2023-12-15T18:08:57.984+0000] {taskinstance.py:1159} INFO - Dependencies all met for dep_context=requeueable deps ti=<TaskInstance: daily_transaction_fact.fetch_data_from_postgres scheduled__2023-12-14T00:00:00+00:00 [queued]>
[2023-12-15T18:08:57.984+0000] {taskinstance.py:1361} INFO - Starting attempt 1 of 2
[2023-12-15T18:08:57.993+0000] {taskinstance.py:1382} INFO - Executing <Task(PythonOperator): fetch_data_from_postgres> on 2023-12-14 00:00:00+00:00
[2023-12-15T18:08:57.997+0000] {standard_task_runner.py:57} INFO - Started process 85 to run task
[2023-12-15T18:08:57.999+0000] {standard_task_runner.py:84} INFO - Running: ['***', 'tasks', 'run', 'daily_transaction_fact', 'fetch_data_from_postgres', 'scheduled__2023-12-14T00:00:00+00:00', '--job-id', '3', '--raw', '--subdir', 'DAGS_FOLDER/transaction_fact.py', '--cfg-path', '/tmp/tmpvce6w8no']
[2023-12-15T18:08:58.001+0000] {standard_task_runner.py:85} INFO - Job 3: Subtask fetch_data_from_postgres
[2023-12-15T18:08:58.035+0000] {task_command.py:416} INFO - Running <TaskInstance: daily_transaction_fact.fetch_data_from_postgres scheduled__2023-12-14T00:00:00+00:00 [running]> on host 442858e62380
[2023-12-15T18:08:58.098+0000] {taskinstance.py:1662} INFO - Exporting env vars: AIRFLOW_CTX_DAG_OWNER='***' AIRFLOW_CTX_DAG_ID='daily_transaction_fact' AIRFLOW_CTX_TASK_ID='fetch_data_from_postgres' AIRFLOW_CTX_EXECUTION_DATE='2023-12-14T00:00:00+00:00' AIRFLOW_CTX_TRY_NUMBER='1' AIRFLOW_CTX_DAG_RUN_ID='scheduled__2023-12-14T00:00:00+00:00'
[2023-12-15T18:08:58.103+0000] {python.py:194} INFO - Done. Returned value was: None
[2023-12-15T18:08:58.111+0000] {taskinstance.py:1400} INFO - Marking task as SUCCESS. dag_id=daily_transaction_fact, task_id=fetch_data_from_postgres, execution_date=20231214T000000, start_date=20231215T180857, end_date=20231215T180858
[2023-12-15T18:08:58.131+0000] {local_task_job_runner.py:228} INFO - Task exited with return code 0
[2023-12-15T18:08:58.153+0000] {taskinstance.py:2778} INFO - 0 downstream tasks scheduled from follow-on schedule check
