[2023-12-15T18:34:00.021+0000] {taskinstance.py:1159} INFO - Dependencies all met for dep_context=non-requeueable deps ti=<TaskInstance: daily_turnover_per_account.fetch_data_from_postgres scheduled__2023-12-14T00:00:00+00:00 [queued]>
[2023-12-15T18:34:00.028+0000] {taskinstance.py:1159} INFO - Dependencies all met for dep_context=requeueable deps ti=<TaskInstance: daily_turnover_per_account.fetch_data_from_postgres scheduled__2023-12-14T00:00:00+00:00 [queued]>
[2023-12-15T18:34:00.028+0000] {taskinstance.py:1361} INFO - Starting attempt 1 of 2
[2023-12-15T18:34:00.037+0000] {taskinstance.py:1382} INFO - Executing <Task(PythonOperator): fetch_data_from_postgres> on 2023-12-14 00:00:00+00:00
[2023-12-15T18:34:00.043+0000] {standard_task_runner.py:57} INFO - Started process 129 to run task
[2023-12-15T18:34:00.045+0000] {standard_task_runner.py:84} INFO - Running: ['***', 'tasks', 'run', 'daily_turnover_per_account', 'fetch_data_from_postgres', 'scheduled__2023-12-14T00:00:00+00:00', '--job-id', '4', '--raw', '--subdir', 'DAGS_FOLDER/turnover_per_account.py', '--cfg-path', '/tmp/tmpfifhe8qx']
[2023-12-15T18:34:00.047+0000] {standard_task_runner.py:85} INFO - Job 4: Subtask fetch_data_from_postgres
[2023-12-15T18:34:00.091+0000] {task_command.py:416} INFO - Running <TaskInstance: daily_turnover_per_account.fetch_data_from_postgres scheduled__2023-12-14T00:00:00+00:00 [running]> on host f4c0e6b5baef
[2023-12-15T18:34:00.177+0000] {taskinstance.py:1662} INFO - Exporting env vars: AIRFLOW_CTX_DAG_OWNER='admin' AIRFLOW_CTX_DAG_ID='daily_turnover_per_account' AIRFLOW_CTX_TASK_ID='fetch_data_from_postgres' AIRFLOW_CTX_EXECUTION_DATE='2023-12-14T00:00:00+00:00' AIRFLOW_CTX_TRY_NUMBER='1' AIRFLOW_CTX_DAG_RUN_ID='scheduled__2023-12-14T00:00:00+00:00'
[2023-12-15T18:34:00.183+0000] {python.py:194} INFO - Done. Returned value was: None
[2023-12-15T18:34:00.196+0000] {taskinstance.py:1400} INFO - Marking task as SUCCESS. dag_id=daily_turnover_per_account, task_id=fetch_data_from_postgres, execution_date=20231214T000000, start_date=20231215T183400, end_date=20231215T183400
[2023-12-15T18:34:00.217+0000] {local_task_job_runner.py:228} INFO - Task exited with return code 0
[2023-12-15T18:34:00.235+0000] {taskinstance.py:2778} INFO - 1 downstream tasks scheduled from follow-on schedule check
[2023-12-15T19:53:22.261+0000] {taskinstance.py:1159} INFO - Dependencies all met for dep_context=non-requeueable deps ti=<TaskInstance: daily_turnover_per_account.fetch_data_from_postgres scheduled__2023-12-14T00:00:00+00:00 [queued]>
[2023-12-15T19:53:22.266+0000] {taskinstance.py:1159} INFO - Dependencies all met for dep_context=requeueable deps ti=<TaskInstance: daily_turnover_per_account.fetch_data_from_postgres scheduled__2023-12-14T00:00:00+00:00 [queued]>
[2023-12-15T19:53:22.267+0000] {taskinstance.py:1361} INFO - Starting attempt 1 of 2
[2023-12-15T19:53:22.276+0000] {taskinstance.py:1382} INFO - Executing <Task(PythonOperator): fetch_data_from_postgres> on 2023-12-14 00:00:00+00:00
[2023-12-15T19:53:22.282+0000] {standard_task_runner.py:57} INFO - Started process 146 to run task
[2023-12-15T19:53:22.284+0000] {standard_task_runner.py:84} INFO - Running: ['***', 'tasks', 'run', 'daily_turnover_per_account', 'fetch_data_from_postgres', 'scheduled__2023-12-14T00:00:00+00:00', '--job-id', '5', '--raw', '--subdir', 'DAGS_FOLDER/turnover_per_account.py', '--cfg-path', '/tmp/tmpaget09x3']
[2023-12-15T19:53:22.286+0000] {standard_task_runner.py:85} INFO - Job 5: Subtask fetch_data_from_postgres
[2023-12-15T19:53:22.326+0000] {task_command.py:416} INFO - Running <TaskInstance: daily_turnover_per_account.fetch_data_from_postgres scheduled__2023-12-14T00:00:00+00:00 [running]> on host e1cf21a7c005
[2023-12-15T19:53:22.409+0000] {taskinstance.py:1662} INFO - Exporting env vars: AIRFLOW_CTX_DAG_OWNER='***' AIRFLOW_CTX_DAG_ID='daily_turnover_per_account' AIRFLOW_CTX_TASK_ID='fetch_data_from_postgres' AIRFLOW_CTX_EXECUTION_DATE='2023-12-14T00:00:00+00:00' AIRFLOW_CTX_TRY_NUMBER='1' AIRFLOW_CTX_DAG_RUN_ID='scheduled__2023-12-14T00:00:00+00:00'
[2023-12-15T19:53:22.414+0000] {python.py:194} INFO - Done. Returned value was: None
[2023-12-15T19:53:22.424+0000] {taskinstance.py:1400} INFO - Marking task as SUCCESS. dag_id=daily_turnover_per_account, task_id=fetch_data_from_postgres, execution_date=20231214T000000, start_date=20231215T195322, end_date=20231215T195322
[2023-12-15T19:53:22.457+0000] {local_task_job_runner.py:228} INFO - Task exited with return code 0
[2023-12-15T19:53:22.476+0000] {taskinstance.py:2778} INFO - 1 downstream tasks scheduled from follow-on schedule check
