[2023-12-13T15:13:24.983+0000] {processor.py:157} INFO - Started process (PID=580) to work on /opt/airflow/dags/account_turnover.py
[2023-12-13T15:13:24.984+0000] {processor.py:829} INFO - Processing file /opt/airflow/dags/account_turnover.py for tasks to queue
[2023-12-13T15:13:24.986+0000] {logging_mixin.py:154} INFO - [2023-12-13T15:13:24.986+0000] {dagbag.py:536} INFO - Filling up the DagBag from /opt/airflow/dags/account_turnover.py
[2023-12-13T15:13:24.996+0000] {processor.py:839} INFO - DAG(s) dict_keys(['daily_account_turnover']) retrieved from /opt/airflow/dags/account_turnover.py
[2023-12-13T15:13:25.114+0000] {logging_mixin.py:154} INFO - [2023-12-13T15:13:25.114+0000] {manager.py:499} INFO - Created Permission View: %s
[2023-12-13T15:13:25.124+0000] {logging_mixin.py:154} INFO - [2023-12-13T15:13:25.124+0000] {manager.py:499} INFO - Created Permission View: %s
[2023-12-13T15:13:25.132+0000] {logging_mixin.py:154} INFO - [2023-12-13T15:13:25.131+0000] {manager.py:499} INFO - Created Permission View: %s
[2023-12-13T15:13:25.132+0000] {logging_mixin.py:154} INFO - [2023-12-13T15:13:25.132+0000] {dag.py:2941} INFO - Sync 1 DAGs
[2023-12-13T15:13:25.147+0000] {logging_mixin.py:154} INFO - [2023-12-13T15:13:25.147+0000] {dag.py:2963} INFO - Creating ORM DAG for daily_account_turnover
[2023-12-13T15:13:25.159+0000] {logging_mixin.py:154} INFO - [2023-12-13T15:13:25.159+0000] {dag.py:3722} INFO - Setting next_dagrun for daily_account_turnover to 2023-12-12T00:00:00+00:00, run_after=2023-12-13T00:00:00+00:00
[2023-12-13T15:13:25.284+0000] {processor.py:179} INFO - Processing /opt/airflow/dags/account_turnover.py took 0.305 seconds
[2023-12-13T15:13:55.490+0000] {processor.py:157} INFO - Started process (PID=637) to work on /opt/airflow/dags/account_turnover.py
[2023-12-13T15:13:55.490+0000] {processor.py:829} INFO - Processing file /opt/airflow/dags/account_turnover.py for tasks to queue
[2023-12-13T15:13:55.492+0000] {logging_mixin.py:154} INFO - [2023-12-13T15:13:55.492+0000] {dagbag.py:536} INFO - Filling up the DagBag from /opt/airflow/dags/account_turnover.py
[2023-12-13T15:13:55.501+0000] {processor.py:839} INFO - DAG(s) dict_keys(['daily_account_turnover']) retrieved from /opt/airflow/dags/account_turnover.py
[2023-12-13T15:13:55.527+0000] {logging_mixin.py:154} INFO - [2023-12-13T15:13:55.527+0000] {dag.py:2941} INFO - Sync 1 DAGs
[2023-12-13T15:13:55.556+0000] {logging_mixin.py:154} INFO - [2023-12-13T15:13:55.556+0000] {dag.py:3722} INFO - Setting next_dagrun for daily_account_turnover to 2023-12-12T00:00:00+00:00, run_after=2023-12-13T00:00:00+00:00
[2023-12-13T15:13:55.576+0000] {processor.py:179} INFO - Processing /opt/airflow/dags/account_turnover.py took 0.089 seconds
[2023-12-13T15:14:25.899+0000] {processor.py:157} INFO - Started process (PID=694) to work on /opt/airflow/dags/account_turnover.py
[2023-12-13T15:14:25.907+0000] {processor.py:829} INFO - Processing file /opt/airflow/dags/account_turnover.py for tasks to queue
[2023-12-13T15:14:25.909+0000] {logging_mixin.py:154} INFO - [2023-12-13T15:14:25.908+0000] {dagbag.py:536} INFO - Filling up the DagBag from /opt/airflow/dags/account_turnover.py
[2023-12-13T15:14:25.917+0000] {processor.py:839} INFO - DAG(s) dict_keys(['daily_account_turnover']) retrieved from /opt/airflow/dags/account_turnover.py
[2023-12-13T15:14:25.943+0000] {logging_mixin.py:154} INFO - [2023-12-13T15:14:25.942+0000] {dag.py:2941} INFO - Sync 1 DAGs
[2023-12-13T15:14:25.973+0000] {logging_mixin.py:154} INFO - [2023-12-13T15:14:25.972+0000] {dag.py:3722} INFO - Setting next_dagrun for daily_account_turnover to 2023-12-12T00:00:00+00:00, run_after=2023-12-13T00:00:00+00:00
[2023-12-13T15:14:25.996+0000] {processor.py:179} INFO - Processing /opt/airflow/dags/account_turnover.py took 0.100 seconds
[2023-12-13T15:14:56.350+0000] {processor.py:157} INFO - Started process (PID=751) to work on /opt/airflow/dags/account_turnover.py
[2023-12-13T15:14:56.351+0000] {processor.py:829} INFO - Processing file /opt/airflow/dags/account_turnover.py for tasks to queue
[2023-12-13T15:14:56.353+0000] {logging_mixin.py:154} INFO - [2023-12-13T15:14:56.353+0000] {dagbag.py:536} INFO - Filling up the DagBag from /opt/airflow/dags/account_turnover.py
[2023-12-13T15:14:56.362+0000] {processor.py:839} INFO - DAG(s) dict_keys(['daily_account_turnover']) retrieved from /opt/airflow/dags/account_turnover.py
[2023-12-13T15:14:56.394+0000] {logging_mixin.py:154} INFO - [2023-12-13T15:14:56.394+0000] {dag.py:2941} INFO - Sync 1 DAGs
[2023-12-13T15:14:56.432+0000] {logging_mixin.py:154} INFO - [2023-12-13T15:14:56.431+0000] {dag.py:3722} INFO - Setting next_dagrun for daily_account_turnover to 2023-12-12T00:00:00+00:00, run_after=2023-12-13T00:00:00+00:00
[2023-12-13T15:14:56.455+0000] {processor.py:179} INFO - Processing /opt/airflow/dags/account_turnover.py took 0.108 seconds
[2023-12-13T15:15:26.570+0000] {processor.py:157} INFO - Started process (PID=809) to work on /opt/airflow/dags/account_turnover.py
[2023-12-13T15:15:26.571+0000] {processor.py:829} INFO - Processing file /opt/airflow/dags/account_turnover.py for tasks to queue
[2023-12-13T15:15:26.573+0000] {logging_mixin.py:154} INFO - [2023-12-13T15:15:26.573+0000] {dagbag.py:536} INFO - Filling up the DagBag from /opt/airflow/dags/account_turnover.py
[2023-12-13T15:15:26.581+0000] {processor.py:839} INFO - DAG(s) dict_keys(['daily_account_turnover']) retrieved from /opt/airflow/dags/account_turnover.py
[2023-12-13T15:15:26.606+0000] {logging_mixin.py:154} INFO - [2023-12-13T15:15:26.605+0000] {dag.py:2941} INFO - Sync 1 DAGs
[2023-12-13T15:15:26.637+0000] {logging_mixin.py:154} INFO - [2023-12-13T15:15:26.636+0000] {dag.py:3722} INFO - Setting next_dagrun for daily_account_turnover to 2023-12-12T00:00:00+00:00, run_after=2023-12-13T00:00:00+00:00
[2023-12-13T15:15:26.663+0000] {processor.py:179} INFO - Processing /opt/airflow/dags/account_turnover.py took 0.096 seconds
[2023-12-13T15:15:56.716+0000] {processor.py:157} INFO - Started process (PID=872) to work on /opt/airflow/dags/account_turnover.py
[2023-12-13T15:15:56.717+0000] {processor.py:829} INFO - Processing file /opt/airflow/dags/account_turnover.py for tasks to queue
[2023-12-13T15:15:56.719+0000] {logging_mixin.py:154} INFO - [2023-12-13T15:15:56.719+0000] {dagbag.py:536} INFO - Filling up the DagBag from /opt/airflow/dags/account_turnover.py
[2023-12-13T15:15:56.729+0000] {processor.py:839} INFO - DAG(s) dict_keys(['daily_account_turnover']) retrieved from /opt/airflow/dags/account_turnover.py
[2023-12-13T15:15:56.760+0000] {logging_mixin.py:154} INFO - [2023-12-13T15:15:56.760+0000] {dag.py:2941} INFO - Sync 1 DAGs
[2023-12-13T15:15:56.797+0000] {logging_mixin.py:154} INFO - [2023-12-13T15:15:56.797+0000] {dag.py:3722} INFO - Setting next_dagrun for daily_account_turnover to 2023-12-12T00:00:00+00:00, run_after=2023-12-13T00:00:00+00:00
[2023-12-13T15:15:56.820+0000] {processor.py:179} INFO - Processing /opt/airflow/dags/account_turnover.py took 0.107 seconds
[2023-12-13T15:16:26.863+0000] {processor.py:157} INFO - Started process (PID=928) to work on /opt/airflow/dags/account_turnover.py
[2023-12-13T15:16:26.870+0000] {processor.py:829} INFO - Processing file /opt/airflow/dags/account_turnover.py for tasks to queue
[2023-12-13T15:16:26.872+0000] {logging_mixin.py:154} INFO - [2023-12-13T15:16:26.872+0000] {dagbag.py:536} INFO - Filling up the DagBag from /opt/airflow/dags/account_turnover.py
[2023-12-13T15:16:26.878+0000] {processor.py:839} INFO - DAG(s) dict_keys(['daily_account_turnover']) retrieved from /opt/airflow/dags/account_turnover.py
[2023-12-13T15:16:26.901+0000] {logging_mixin.py:154} INFO - [2023-12-13T15:16:26.901+0000] {dag.py:2941} INFO - Sync 1 DAGs
[2023-12-13T15:16:26.927+0000] {logging_mixin.py:154} INFO - [2023-12-13T15:16:26.927+0000] {dag.py:3722} INFO - Setting next_dagrun for daily_account_turnover to 2023-12-12T00:00:00+00:00, run_after=2023-12-13T00:00:00+00:00
[2023-12-13T15:16:26.945+0000] {processor.py:179} INFO - Processing /opt/airflow/dags/account_turnover.py took 0.084 seconds
[2023-12-13T15:16:57.189+0000] {processor.py:157} INFO - Started process (PID=994) to work on /opt/airflow/dags/account_turnover.py
[2023-12-13T15:16:57.190+0000] {processor.py:829} INFO - Processing file /opt/airflow/dags/account_turnover.py for tasks to queue
[2023-12-13T15:16:57.192+0000] {logging_mixin.py:154} INFO - [2023-12-13T15:16:57.192+0000] {dagbag.py:536} INFO - Filling up the DagBag from /opt/airflow/dags/account_turnover.py
[2023-12-13T15:16:57.199+0000] {processor.py:839} INFO - DAG(s) dict_keys(['daily_account_turnover']) retrieved from /opt/airflow/dags/account_turnover.py
[2023-12-13T15:16:57.227+0000] {logging_mixin.py:154} INFO - [2023-12-13T15:16:57.227+0000] {dag.py:2941} INFO - Sync 1 DAGs
[2023-12-13T15:16:57.261+0000] {logging_mixin.py:154} INFO - [2023-12-13T15:16:57.261+0000] {dag.py:3722} INFO - Setting next_dagrun for daily_account_turnover to 2023-12-12T00:00:00+00:00, run_after=2023-12-13T00:00:00+00:00
[2023-12-13T15:16:57.403+0000] {processor.py:179} INFO - Processing /opt/airflow/dags/account_turnover.py took 0.219 seconds
[2023-12-13T15:17:28.022+0000] {processor.py:157} INFO - Started process (PID=1053) to work on /opt/airflow/dags/account_turnover.py
[2023-12-13T15:17:28.029+0000] {processor.py:829} INFO - Processing file /opt/airflow/dags/account_turnover.py for tasks to queue
[2023-12-13T15:17:28.031+0000] {logging_mixin.py:154} INFO - [2023-12-13T15:17:28.031+0000] {dagbag.py:536} INFO - Filling up the DagBag from /opt/airflow/dags/account_turnover.py
[2023-12-13T15:17:28.037+0000] {processor.py:839} INFO - DAG(s) dict_keys(['daily_account_turnover']) retrieved from /opt/airflow/dags/account_turnover.py
[2023-12-13T15:17:28.066+0000] {logging_mixin.py:154} INFO - [2023-12-13T15:17:28.066+0000] {dag.py:2941} INFO - Sync 1 DAGs
[2023-12-13T15:17:28.094+0000] {logging_mixin.py:154} INFO - [2023-12-13T15:17:28.094+0000] {dag.py:3722} INFO - Setting next_dagrun for daily_account_turnover to 2023-12-12T00:00:00+00:00, run_after=2023-12-13T00:00:00+00:00
[2023-12-13T15:17:28.115+0000] {processor.py:179} INFO - Processing /opt/airflow/dags/account_turnover.py took 0.096 seconds
[2023-12-13T15:17:58.618+0000] {processor.py:157} INFO - Started process (PID=1115) to work on /opt/airflow/dags/account_turnover.py
[2023-12-13T15:17:58.619+0000] {processor.py:829} INFO - Processing file /opt/airflow/dags/account_turnover.py for tasks to queue
[2023-12-13T15:17:58.621+0000] {logging_mixin.py:154} INFO - [2023-12-13T15:17:58.620+0000] {dagbag.py:536} INFO - Filling up the DagBag from /opt/airflow/dags/account_turnover.py
[2023-12-13T15:17:58.628+0000] {processor.py:839} INFO - DAG(s) dict_keys(['daily_account_turnover']) retrieved from /opt/airflow/dags/account_turnover.py
[2023-12-13T15:17:58.653+0000] {logging_mixin.py:154} INFO - [2023-12-13T15:17:58.653+0000] {dag.py:2941} INFO - Sync 1 DAGs
[2023-12-13T15:17:58.683+0000] {logging_mixin.py:154} INFO - [2023-12-13T15:17:58.682+0000] {dag.py:3722} INFO - Setting next_dagrun for daily_account_turnover to 2023-12-12T00:00:00+00:00, run_after=2023-12-13T00:00:00+00:00
[2023-12-13T15:17:58.703+0000] {processor.py:179} INFO - Processing /opt/airflow/dags/account_turnover.py took 0.088 seconds
[2023-12-13T15:18:29.431+0000] {processor.py:157} INFO - Started process (PID=1173) to work on /opt/airflow/dags/account_turnover.py
[2023-12-13T15:18:29.433+0000] {processor.py:829} INFO - Processing file /opt/airflow/dags/account_turnover.py for tasks to queue
[2023-12-13T15:18:29.435+0000] {logging_mixin.py:154} INFO - [2023-12-13T15:18:29.434+0000] {dagbag.py:536} INFO - Filling up the DagBag from /opt/airflow/dags/account_turnover.py
[2023-12-13T15:18:29.442+0000] {processor.py:839} INFO - DAG(s) dict_keys(['daily_account_turnover']) retrieved from /opt/airflow/dags/account_turnover.py
[2023-12-13T15:18:29.471+0000] {logging_mixin.py:154} INFO - [2023-12-13T15:18:29.471+0000] {dag.py:2941} INFO - Sync 1 DAGs
[2023-12-13T15:18:29.507+0000] {logging_mixin.py:154} INFO - [2023-12-13T15:18:29.507+0000] {dag.py:3722} INFO - Setting next_dagrun for daily_account_turnover to 2023-12-12T00:00:00+00:00, run_after=2023-12-13T00:00:00+00:00
[2023-12-13T15:18:29.531+0000] {processor.py:179} INFO - Processing /opt/airflow/dags/account_turnover.py took 0.103 seconds
[2023-12-13T15:19:00.257+0000] {processor.py:157} INFO - Started process (PID=1230) to work on /opt/airflow/dags/account_turnover.py
[2023-12-13T15:19:00.258+0000] {processor.py:829} INFO - Processing file /opt/airflow/dags/account_turnover.py for tasks to queue
[2023-12-13T15:19:00.260+0000] {logging_mixin.py:154} INFO - [2023-12-13T15:19:00.260+0000] {dagbag.py:536} INFO - Filling up the DagBag from /opt/airflow/dags/account_turnover.py
[2023-12-13T15:19:00.269+0000] {processor.py:839} INFO - DAG(s) dict_keys(['daily_account_turnover']) retrieved from /opt/airflow/dags/account_turnover.py
[2023-12-13T15:19:00.293+0000] {logging_mixin.py:154} INFO - [2023-12-13T15:19:00.293+0000] {dag.py:2941} INFO - Sync 1 DAGs
[2023-12-13T15:19:00.321+0000] {logging_mixin.py:154} INFO - [2023-12-13T15:19:00.321+0000] {dag.py:3722} INFO - Setting next_dagrun for daily_account_turnover to 2023-12-12T00:00:00+00:00, run_after=2023-12-13T00:00:00+00:00
[2023-12-13T15:19:00.343+0000] {processor.py:179} INFO - Processing /opt/airflow/dags/account_turnover.py took 0.089 seconds
[2023-12-13T15:19:31.162+0000] {processor.py:157} INFO - Started process (PID=1290) to work on /opt/airflow/dags/account_turnover.py
[2023-12-13T15:19:31.163+0000] {processor.py:829} INFO - Processing file /opt/airflow/dags/account_turnover.py for tasks to queue
[2023-12-13T15:19:31.164+0000] {logging_mixin.py:154} INFO - [2023-12-13T15:19:31.164+0000] {dagbag.py:536} INFO - Filling up the DagBag from /opt/airflow/dags/account_turnover.py
[2023-12-13T15:19:31.171+0000] {processor.py:839} INFO - DAG(s) dict_keys(['daily_account_turnover']) retrieved from /opt/airflow/dags/account_turnover.py
[2023-12-13T15:19:31.198+0000] {logging_mixin.py:154} INFO - [2023-12-13T15:19:31.198+0000] {dag.py:2941} INFO - Sync 1 DAGs
[2023-12-13T15:19:31.225+0000] {logging_mixin.py:154} INFO - [2023-12-13T15:19:31.225+0000] {dag.py:3722} INFO - Setting next_dagrun for daily_account_turnover to 2023-12-12T00:00:00+00:00, run_after=2023-12-13T00:00:00+00:00
[2023-12-13T15:19:31.247+0000] {processor.py:179} INFO - Processing /opt/airflow/dags/account_turnover.py took 0.088 seconds
[2023-12-13T15:20:01.346+0000] {processor.py:157} INFO - Started process (PID=1352) to work on /opt/airflow/dags/account_turnover.py
[2023-12-13T15:20:01.353+0000] {processor.py:829} INFO - Processing file /opt/airflow/dags/account_turnover.py for tasks to queue
[2023-12-13T15:20:01.355+0000] {logging_mixin.py:154} INFO - [2023-12-13T15:20:01.355+0000] {dagbag.py:536} INFO - Filling up the DagBag from /opt/airflow/dags/account_turnover.py
[2023-12-13T15:20:01.363+0000] {processor.py:839} INFO - DAG(s) dict_keys(['daily_account_turnover']) retrieved from /opt/airflow/dags/account_turnover.py
[2023-12-13T15:20:01.393+0000] {logging_mixin.py:154} INFO - [2023-12-13T15:20:01.392+0000] {dag.py:2941} INFO - Sync 1 DAGs
[2023-12-13T15:20:01.435+0000] {logging_mixin.py:154} INFO - [2023-12-13T15:20:01.435+0000] {dag.py:3722} INFO - Setting next_dagrun for daily_account_turnover to 2023-12-12T00:00:00+00:00, run_after=2023-12-13T00:00:00+00:00
[2023-12-13T15:20:01.469+0000] {processor.py:179} INFO - Processing /opt/airflow/dags/account_turnover.py took 0.126 seconds
[2023-12-13T15:20:32.285+0000] {processor.py:157} INFO - Started process (PID=1409) to work on /opt/airflow/dags/account_turnover.py
[2023-12-13T15:20:32.286+0000] {processor.py:829} INFO - Processing file /opt/airflow/dags/account_turnover.py for tasks to queue
[2023-12-13T15:20:32.288+0000] {logging_mixin.py:154} INFO - [2023-12-13T15:20:32.287+0000] {dagbag.py:536} INFO - Filling up the DagBag from /opt/airflow/dags/account_turnover.py
[2023-12-13T15:20:32.295+0000] {processor.py:839} INFO - DAG(s) dict_keys(['daily_account_turnover']) retrieved from /opt/airflow/dags/account_turnover.py
[2023-12-13T15:20:32.318+0000] {logging_mixin.py:154} INFO - [2023-12-13T15:20:32.318+0000] {dag.py:2941} INFO - Sync 1 DAGs
[2023-12-13T15:20:32.348+0000] {logging_mixin.py:154} INFO - [2023-12-13T15:20:32.348+0000] {dag.py:3722} INFO - Setting next_dagrun for daily_account_turnover to 2023-12-12T00:00:00+00:00, run_after=2023-12-13T00:00:00+00:00
[2023-12-13T15:20:32.373+0000] {processor.py:179} INFO - Processing /opt/airflow/dags/account_turnover.py took 0.090 seconds
[2023-12-13T15:21:02.532+0000] {processor.py:157} INFO - Started process (PID=1467) to work on /opt/airflow/dags/account_turnover.py
[2023-12-13T15:21:02.533+0000] {processor.py:829} INFO - Processing file /opt/airflow/dags/account_turnover.py for tasks to queue
[2023-12-13T15:21:02.535+0000] {logging_mixin.py:154} INFO - [2023-12-13T15:21:02.534+0000] {dagbag.py:536} INFO - Filling up the DagBag from /opt/airflow/dags/account_turnover.py
[2023-12-13T15:21:02.542+0000] {processor.py:839} INFO - DAG(s) dict_keys(['daily_account_turnover']) retrieved from /opt/airflow/dags/account_turnover.py
[2023-12-13T15:21:02.565+0000] {logging_mixin.py:154} INFO - [2023-12-13T15:21:02.565+0000] {dag.py:2941} INFO - Sync 1 DAGs
[2023-12-13T15:21:02.592+0000] {logging_mixin.py:154} INFO - [2023-12-13T15:21:02.592+0000] {dag.py:3722} INFO - Setting next_dagrun for daily_account_turnover to 2023-12-12T00:00:00+00:00, run_after=2023-12-13T00:00:00+00:00
[2023-12-13T15:21:02.613+0000] {processor.py:179} INFO - Processing /opt/airflow/dags/account_turnover.py took 0.084 seconds
[2023-12-13T15:21:21.699+0000] {processor.py:157} INFO - Started process (PID=1527) to work on /opt/airflow/dags/account_turnover.py
[2023-12-13T15:21:21.699+0000] {processor.py:829} INFO - Processing file /opt/airflow/dags/account_turnover.py for tasks to queue
[2023-12-13T15:21:21.701+0000] {logging_mixin.py:154} INFO - [2023-12-13T15:21:21.701+0000] {dagbag.py:536} INFO - Filling up the DagBag from /opt/airflow/dags/account_turnover.py
[2023-12-13T15:21:21.711+0000] {processor.py:839} INFO - DAG(s) dict_keys(['daily_account_turnover']) retrieved from /opt/airflow/dags/account_turnover.py
[2023-12-13T15:21:21.737+0000] {logging_mixin.py:154} INFO - [2023-12-13T15:21:21.737+0000] {dag.py:2941} INFO - Sync 1 DAGs
[2023-12-13T15:21:21.768+0000] {logging_mixin.py:154} INFO - [2023-12-13T15:21:21.768+0000] {dag.py:3722} INFO - Setting next_dagrun for daily_account_turnover to 2023-12-12T00:00:00+00:00, run_after=2023-12-13T00:00:00+00:00
[2023-12-13T15:21:21.791+0000] {processor.py:179} INFO - Processing /opt/airflow/dags/account_turnover.py took 0.096 seconds
[2023-12-13T15:21:52.039+0000] {processor.py:157} INFO - Started process (PID=1584) to work on /opt/airflow/dags/account_turnover.py
[2023-12-13T15:21:52.039+0000] {processor.py:829} INFO - Processing file /opt/airflow/dags/account_turnover.py for tasks to queue
[2023-12-13T15:21:52.042+0000] {logging_mixin.py:154} INFO - [2023-12-13T15:21:52.042+0000] {dagbag.py:536} INFO - Filling up the DagBag from /opt/airflow/dags/account_turnover.py
[2023-12-13T15:21:52.050+0000] {processor.py:839} INFO - DAG(s) dict_keys(['daily_account_turnover']) retrieved from /opt/airflow/dags/account_turnover.py
[2023-12-13T15:21:52.075+0000] {logging_mixin.py:154} INFO - [2023-12-13T15:21:52.074+0000] {dag.py:2941} INFO - Sync 1 DAGs
[2023-12-13T15:21:52.107+0000] {logging_mixin.py:154} INFO - [2023-12-13T15:21:52.106+0000] {dag.py:3722} INFO - Setting next_dagrun for daily_account_turnover to 2023-12-12T00:00:00+00:00, run_after=2023-12-13T00:00:00+00:00
[2023-12-13T15:21:52.130+0000] {processor.py:179} INFO - Processing /opt/airflow/dags/account_turnover.py took 0.095 seconds
[2023-12-13T15:22:22.363+0000] {processor.py:157} INFO - Started process (PID=1642) to work on /opt/airflow/dags/account_turnover.py
[2023-12-13T15:22:22.364+0000] {processor.py:829} INFO - Processing file /opt/airflow/dags/account_turnover.py for tasks to queue
[2023-12-13T15:22:22.365+0000] {logging_mixin.py:154} INFO - [2023-12-13T15:22:22.365+0000] {dagbag.py:536} INFO - Filling up the DagBag from /opt/airflow/dags/account_turnover.py
[2023-12-13T15:22:22.372+0000] {processor.py:839} INFO - DAG(s) dict_keys(['daily_account_turnover']) retrieved from /opt/airflow/dags/account_turnover.py
[2023-12-13T15:22:22.393+0000] {logging_mixin.py:154} INFO - [2023-12-13T15:22:22.393+0000] {dag.py:2941} INFO - Sync 1 DAGs
[2023-12-13T15:22:22.420+0000] {logging_mixin.py:154} INFO - [2023-12-13T15:22:22.420+0000] {dag.py:3722} INFO - Setting next_dagrun for daily_account_turnover to 2023-12-12T00:00:00+00:00, run_after=2023-12-13T00:00:00+00:00
[2023-12-13T15:22:22.436+0000] {processor.py:179} INFO - Processing /opt/airflow/dags/account_turnover.py took 0.076 seconds
[2023-12-13T15:22:52.917+0000] {processor.py:157} INFO - Started process (PID=1699) to work on /opt/airflow/dags/account_turnover.py
[2023-12-13T15:22:52.924+0000] {processor.py:829} INFO - Processing file /opt/airflow/dags/account_turnover.py for tasks to queue
[2023-12-13T15:22:52.925+0000] {logging_mixin.py:154} INFO - [2023-12-13T15:22:52.925+0000] {dagbag.py:536} INFO - Filling up the DagBag from /opt/airflow/dags/account_turnover.py
[2023-12-13T15:22:52.935+0000] {processor.py:839} INFO - DAG(s) dict_keys(['daily_account_turnover']) retrieved from /opt/airflow/dags/account_turnover.py
[2023-12-13T15:22:52.957+0000] {logging_mixin.py:154} INFO - [2023-12-13T15:22:52.957+0000] {dag.py:2941} INFO - Sync 1 DAGs
[2023-12-13T15:22:52.984+0000] {logging_mixin.py:154} INFO - [2023-12-13T15:22:52.984+0000] {dag.py:3722} INFO - Setting next_dagrun for daily_account_turnover to 2023-12-12T00:00:00+00:00, run_after=2023-12-13T00:00:00+00:00
[2023-12-13T15:22:53.002+0000] {processor.py:179} INFO - Processing /opt/airflow/dags/account_turnover.py took 0.088 seconds
[2023-12-13T15:23:23.516+0000] {processor.py:157} INFO - Started process (PID=1755) to work on /opt/airflow/dags/account_turnover.py
[2023-12-13T15:23:23.517+0000] {processor.py:829} INFO - Processing file /opt/airflow/dags/account_turnover.py for tasks to queue
[2023-12-13T15:23:23.518+0000] {logging_mixin.py:154} INFO - [2023-12-13T15:23:23.518+0000] {dagbag.py:536} INFO - Filling up the DagBag from /opt/airflow/dags/account_turnover.py
[2023-12-13T15:23:23.533+0000] {processor.py:839} INFO - DAG(s) dict_keys(['daily_account_turnover']) retrieved from /opt/airflow/dags/account_turnover.py
[2023-12-13T15:23:23.563+0000] {logging_mixin.py:154} INFO - [2023-12-13T15:23:23.562+0000] {dag.py:2941} INFO - Sync 1 DAGs
[2023-12-13T15:23:23.602+0000] {logging_mixin.py:154} INFO - [2023-12-13T15:23:23.601+0000] {dag.py:3722} INFO - Setting next_dagrun for daily_account_turnover to 2023-12-12T00:00:00+00:00, run_after=2023-12-13T00:00:00+00:00
[2023-12-13T15:23:23.626+0000] {processor.py:179} INFO - Processing /opt/airflow/dags/account_turnover.py took 0.116 seconds
[2023-12-13T15:23:54.281+0000] {processor.py:157} INFO - Started process (PID=1812) to work on /opt/airflow/dags/account_turnover.py
[2023-12-13T15:23:54.282+0000] {processor.py:829} INFO - Processing file /opt/airflow/dags/account_turnover.py for tasks to queue
[2023-12-13T15:23:54.283+0000] {logging_mixin.py:154} INFO - [2023-12-13T15:23:54.283+0000] {dagbag.py:536} INFO - Filling up the DagBag from /opt/airflow/dags/account_turnover.py
[2023-12-13T15:23:54.290+0000] {processor.py:839} INFO - DAG(s) dict_keys(['daily_account_turnover']) retrieved from /opt/airflow/dags/account_turnover.py
[2023-12-13T15:23:54.313+0000] {logging_mixin.py:154} INFO - [2023-12-13T15:23:54.312+0000] {dag.py:2941} INFO - Sync 1 DAGs
[2023-12-13T15:23:54.341+0000] {logging_mixin.py:154} INFO - [2023-12-13T15:23:54.341+0000] {dag.py:3722} INFO - Setting next_dagrun for daily_account_turnover to 2023-12-12T00:00:00+00:00, run_after=2023-12-13T00:00:00+00:00
[2023-12-13T15:23:54.360+0000] {processor.py:179} INFO - Processing /opt/airflow/dags/account_turnover.py took 0.082 seconds
