[2023-12-13T15:13:24.988+0000] {processor.py:157} INFO - Started process (PID=581) to work on /opt/airflow/dags/turnover_per_account.py
[2023-12-13T15:13:24.989+0000] {processor.py:829} INFO - Processing file /opt/airflow/dags/turnover_per_account.py for tasks to queue
[2023-12-13T15:13:24.991+0000] {logging_mixin.py:154} INFO - [2023-12-13T15:13:24.991+0000] {dagbag.py:536} INFO - Filling up the DagBag from /opt/airflow/dags/turnover_per_account.py
[2023-12-13T15:13:25.001+0000] {processor.py:839} INFO - DAG(s) dict_keys(['daily_transaction_fact']) retrieved from /opt/airflow/dags/turnover_per_account.py
[2023-12-13T15:13:25.112+0000] {logging_mixin.py:154} INFO - [2023-12-13T15:13:25.112+0000] {manager.py:499} INFO - Created Permission View: %s
[2023-12-13T15:13:25.123+0000] {logging_mixin.py:154} INFO - [2023-12-13T15:13:25.123+0000] {manager.py:499} INFO - Created Permission View: %s
[2023-12-13T15:13:25.131+0000] {logging_mixin.py:154} INFO - [2023-12-13T15:13:25.130+0000] {manager.py:499} INFO - Created Permission View: %s
[2023-12-13T15:13:25.131+0000] {logging_mixin.py:154} INFO - [2023-12-13T15:13:25.131+0000] {dag.py:2941} INFO - Sync 1 DAGs
[2023-12-13T15:13:25.145+0000] {logging_mixin.py:154} INFO - [2023-12-13T15:13:25.145+0000] {dag.py:2963} INFO - Creating ORM DAG for daily_transaction_fact
[2023-12-13T15:13:25.157+0000] {logging_mixin.py:154} INFO - [2023-12-13T15:13:25.157+0000] {dag.py:3722} INFO - Setting next_dagrun for daily_transaction_fact to 2023-12-12T00:00:00+00:00, run_after=2023-12-13T00:00:00+00:00
[2023-12-13T15:13:25.284+0000] {processor.py:179} INFO - Processing /opt/airflow/dags/turnover_per_account.py took 0.299 seconds
[2023-12-13T15:13:55.498+0000] {processor.py:157} INFO - Started process (PID=638) to work on /opt/airflow/dags/turnover_per_account.py
[2023-12-13T15:13:55.499+0000] {processor.py:829} INFO - Processing file /opt/airflow/dags/turnover_per_account.py for tasks to queue
[2023-12-13T15:13:55.500+0000] {logging_mixin.py:154} INFO - [2023-12-13T15:13:55.500+0000] {dagbag.py:536} INFO - Filling up the DagBag from /opt/airflow/dags/turnover_per_account.py
[2023-12-13T15:13:55.508+0000] {processor.py:839} INFO - DAG(s) dict_keys(['daily_transaction_fact']) retrieved from /opt/airflow/dags/turnover_per_account.py
[2023-12-13T15:13:55.534+0000] {logging_mixin.py:154} INFO - [2023-12-13T15:13:55.534+0000] {dag.py:2941} INFO - Sync 1 DAGs
[2023-12-13T15:13:55.565+0000] {logging_mixin.py:154} INFO - [2023-12-13T15:13:55.564+0000] {dag.py:3722} INFO - Setting next_dagrun for daily_transaction_fact to 2023-12-12T00:00:00+00:00, run_after=2023-12-13T00:00:00+00:00
[2023-12-13T15:13:55.586+0000] {processor.py:179} INFO - Processing /opt/airflow/dags/turnover_per_account.py took 0.091 seconds
[2023-12-13T15:14:25.907+0000] {processor.py:157} INFO - Started process (PID=695) to work on /opt/airflow/dags/turnover_per_account.py
[2023-12-13T15:14:25.908+0000] {processor.py:829} INFO - Processing file /opt/airflow/dags/turnover_per_account.py for tasks to queue
[2023-12-13T15:14:25.909+0000] {logging_mixin.py:154} INFO - [2023-12-13T15:14:25.909+0000] {dagbag.py:536} INFO - Filling up the DagBag from /opt/airflow/dags/turnover_per_account.py
[2023-12-13T15:14:25.918+0000] {processor.py:839} INFO - DAG(s) dict_keys(['daily_transaction_fact']) retrieved from /opt/airflow/dags/turnover_per_account.py
[2023-12-13T15:14:25.942+0000] {logging_mixin.py:154} INFO - [2023-12-13T15:14:25.942+0000] {dag.py:2941} INFO - Sync 1 DAGs
[2023-12-13T15:14:25.971+0000] {logging_mixin.py:154} INFO - [2023-12-13T15:14:25.970+0000] {dag.py:3722} INFO - Setting next_dagrun for daily_transaction_fact to 2023-12-12T00:00:00+00:00, run_after=2023-12-13T00:00:00+00:00
[2023-12-13T15:14:25.992+0000] {processor.py:179} INFO - Processing /opt/airflow/dags/turnover_per_account.py took 0.089 seconds
[2023-12-13T15:14:56.358+0000] {processor.py:157} INFO - Started process (PID=752) to work on /opt/airflow/dags/turnover_per_account.py
[2023-12-13T15:14:56.359+0000] {processor.py:829} INFO - Processing file /opt/airflow/dags/turnover_per_account.py for tasks to queue
[2023-12-13T15:14:56.361+0000] {logging_mixin.py:154} INFO - [2023-12-13T15:14:56.360+0000] {dagbag.py:536} INFO - Filling up the DagBag from /opt/airflow/dags/turnover_per_account.py
[2023-12-13T15:14:56.369+0000] {processor.py:839} INFO - DAG(s) dict_keys(['daily_transaction_fact']) retrieved from /opt/airflow/dags/turnover_per_account.py
[2023-12-13T15:14:56.395+0000] {logging_mixin.py:154} INFO - [2023-12-13T15:14:56.394+0000] {dag.py:2941} INFO - Sync 1 DAGs
[2023-12-13T15:14:56.425+0000] {logging_mixin.py:154} INFO - [2023-12-13T15:14:56.425+0000] {dag.py:3722} INFO - Setting next_dagrun for daily_transaction_fact to 2023-12-12T00:00:00+00:00, run_after=2023-12-13T00:00:00+00:00
[2023-12-13T15:14:56.445+0000] {processor.py:179} INFO - Processing /opt/airflow/dags/turnover_per_account.py took 0.090 seconds
[2023-12-13T15:15:26.472+0000] {processor.py:157} INFO - Started process (PID=808) to work on /opt/airflow/dags/turnover_per_account.py
[2023-12-13T15:15:26.473+0000] {processor.py:829} INFO - Processing file /opt/airflow/dags/turnover_per_account.py for tasks to queue
[2023-12-13T15:15:26.475+0000] {logging_mixin.py:154} INFO - [2023-12-13T15:15:26.475+0000] {dagbag.py:536} INFO - Filling up the DagBag from /opt/airflow/dags/turnover_per_account.py
[2023-12-13T15:15:26.482+0000] {processor.py:839} INFO - DAG(s) dict_keys(['daily_transaction_fact']) retrieved from /opt/airflow/dags/turnover_per_account.py
[2023-12-13T15:15:26.504+0000] {logging_mixin.py:154} INFO - [2023-12-13T15:15:26.504+0000] {dag.py:2941} INFO - Sync 1 DAGs
[2023-12-13T15:15:26.531+0000] {logging_mixin.py:154} INFO - [2023-12-13T15:15:26.531+0000] {dag.py:3722} INFO - Setting next_dagrun for daily_transaction_fact to 2023-12-12T00:00:00+00:00, run_after=2023-12-13T00:00:00+00:00
[2023-12-13T15:15:26.549+0000] {processor.py:179} INFO - Processing /opt/airflow/dags/turnover_per_account.py took 0.080 seconds
[2023-12-13T15:15:56.674+0000] {processor.py:157} INFO - Started process (PID=871) to work on /opt/airflow/dags/turnover_per_account.py
[2023-12-13T15:15:56.681+0000] {processor.py:829} INFO - Processing file /opt/airflow/dags/turnover_per_account.py for tasks to queue
[2023-12-13T15:15:56.683+0000] {logging_mixin.py:154} INFO - [2023-12-13T15:15:56.682+0000] {dagbag.py:536} INFO - Filling up the DagBag from /opt/airflow/dags/turnover_per_account.py
[2023-12-13T15:15:56.691+0000] {processor.py:839} INFO - DAG(s) dict_keys(['daily_transaction_fact']) retrieved from /opt/airflow/dags/turnover_per_account.py
[2023-12-13T15:15:56.718+0000] {logging_mixin.py:154} INFO - [2023-12-13T15:15:56.718+0000] {dag.py:2941} INFO - Sync 1 DAGs
[2023-12-13T15:15:56.757+0000] {logging_mixin.py:154} INFO - [2023-12-13T15:15:56.757+0000] {dag.py:3722} INFO - Setting next_dagrun for daily_transaction_fact to 2023-12-12T00:00:00+00:00, run_after=2023-12-13T00:00:00+00:00
[2023-12-13T15:15:56.783+0000] {processor.py:179} INFO - Processing /opt/airflow/dags/turnover_per_account.py took 0.113 seconds
[2023-12-13T15:16:26.869+0000] {processor.py:157} INFO - Started process (PID=929) to work on /opt/airflow/dags/turnover_per_account.py
[2023-12-13T15:16:26.870+0000] {processor.py:829} INFO - Processing file /opt/airflow/dags/turnover_per_account.py for tasks to queue
[2023-12-13T15:16:26.872+0000] {logging_mixin.py:154} INFO - [2023-12-13T15:16:26.872+0000] {dagbag.py:536} INFO - Filling up the DagBag from /opt/airflow/dags/turnover_per_account.py
[2023-12-13T15:16:26.878+0000] {processor.py:839} INFO - DAG(s) dict_keys(['daily_transaction_fact']) retrieved from /opt/airflow/dags/turnover_per_account.py
[2023-12-13T15:16:26.902+0000] {logging_mixin.py:154} INFO - [2023-12-13T15:16:26.902+0000] {dag.py:2941} INFO - Sync 1 DAGs
[2023-12-13T15:16:26.927+0000] {logging_mixin.py:154} INFO - [2023-12-13T15:16:26.927+0000] {dag.py:3722} INFO - Setting next_dagrun for daily_transaction_fact to 2023-12-12T00:00:00+00:00, run_after=2023-12-13T00:00:00+00:00
[2023-12-13T15:16:26.949+0000] {processor.py:179} INFO - Processing /opt/airflow/dags/turnover_per_account.py took 0.082 seconds
[2023-12-13T15:16:57.196+0000] {processor.py:157} INFO - Started process (PID=995) to work on /opt/airflow/dags/turnover_per_account.py
[2023-12-13T15:16:57.196+0000] {processor.py:829} INFO - Processing file /opt/airflow/dags/turnover_per_account.py for tasks to queue
[2023-12-13T15:16:57.198+0000] {logging_mixin.py:154} INFO - [2023-12-13T15:16:57.198+0000] {dagbag.py:536} INFO - Filling up the DagBag from /opt/airflow/dags/turnover_per_account.py
[2023-12-13T15:16:57.208+0000] {processor.py:839} INFO - DAG(s) dict_keys(['daily_transaction_fact']) retrieved from /opt/airflow/dags/turnover_per_account.py
[2023-12-13T15:16:57.226+0000] {logging_mixin.py:154} INFO - [2023-12-13T15:16:57.225+0000] {dag.py:2941} INFO - Sync 1 DAGs
[2023-12-13T15:16:57.260+0000] {logging_mixin.py:154} INFO - [2023-12-13T15:16:57.260+0000] {dag.py:3722} INFO - Setting next_dagrun for daily_transaction_fact to 2023-12-12T00:00:00+00:00, run_after=2023-12-13T00:00:00+00:00
[2023-12-13T15:16:57.280+0000] {processor.py:179} INFO - Processing /opt/airflow/dags/turnover_per_account.py took 0.087 seconds
[2023-12-13T15:17:28.028+0000] {processor.py:157} INFO - Started process (PID=1054) to work on /opt/airflow/dags/turnover_per_account.py
[2023-12-13T15:17:28.029+0000] {processor.py:829} INFO - Processing file /opt/airflow/dags/turnover_per_account.py for tasks to queue
[2023-12-13T15:17:28.031+0000] {logging_mixin.py:154} INFO - [2023-12-13T15:17:28.031+0000] {dagbag.py:536} INFO - Filling up the DagBag from /opt/airflow/dags/turnover_per_account.py
[2023-12-13T15:17:28.037+0000] {processor.py:839} INFO - DAG(s) dict_keys(['daily_transaction_fact']) retrieved from /opt/airflow/dags/turnover_per_account.py
[2023-12-13T15:17:28.264+0000] {logging_mixin.py:154} INFO - [2023-12-13T15:17:28.264+0000] {dag.py:2941} INFO - Sync 1 DAGs
[2023-12-13T15:17:28.293+0000] {logging_mixin.py:154} INFO - [2023-12-13T15:17:28.293+0000] {dag.py:3722} INFO - Setting next_dagrun for daily_transaction_fact to 2023-12-12T00:00:00+00:00, run_after=2023-12-13T00:00:00+00:00
[2023-12-13T15:17:28.313+0000] {processor.py:179} INFO - Processing /opt/airflow/dags/turnover_per_account.py took 0.288 seconds
[2023-12-13T15:17:58.625+0000] {processor.py:157} INFO - Started process (PID=1116) to work on /opt/airflow/dags/turnover_per_account.py
[2023-12-13T15:17:58.626+0000] {processor.py:829} INFO - Processing file /opt/airflow/dags/turnover_per_account.py for tasks to queue
[2023-12-13T15:17:58.628+0000] {logging_mixin.py:154} INFO - [2023-12-13T15:17:58.627+0000] {dagbag.py:536} INFO - Filling up the DagBag from /opt/airflow/dags/turnover_per_account.py
[2023-12-13T15:17:58.636+0000] {processor.py:839} INFO - DAG(s) dict_keys(['daily_transaction_fact']) retrieved from /opt/airflow/dags/turnover_per_account.py
[2023-12-13T15:17:58.658+0000] {logging_mixin.py:154} INFO - [2023-12-13T15:17:58.658+0000] {dag.py:2941} INFO - Sync 1 DAGs
[2023-12-13T15:17:58.684+0000] {logging_mixin.py:154} INFO - [2023-12-13T15:17:58.684+0000] {dag.py:3722} INFO - Setting next_dagrun for daily_transaction_fact to 2023-12-12T00:00:00+00:00, run_after=2023-12-13T00:00:00+00:00
[2023-12-13T15:17:58.703+0000] {processor.py:179} INFO - Processing /opt/airflow/dags/turnover_per_account.py took 0.080 seconds
[2023-12-13T15:18:29.439+0000] {processor.py:157} INFO - Started process (PID=1174) to work on /opt/airflow/dags/turnover_per_account.py
[2023-12-13T15:18:29.440+0000] {processor.py:829} INFO - Processing file /opt/airflow/dags/turnover_per_account.py for tasks to queue
[2023-12-13T15:18:29.442+0000] {logging_mixin.py:154} INFO - [2023-12-13T15:18:29.442+0000] {dagbag.py:536} INFO - Filling up the DagBag from /opt/airflow/dags/turnover_per_account.py
[2023-12-13T15:18:29.451+0000] {processor.py:839} INFO - DAG(s) dict_keys(['daily_transaction_fact']) retrieved from /opt/airflow/dags/turnover_per_account.py
[2023-12-13T15:18:29.477+0000] {logging_mixin.py:154} INFO - [2023-12-13T15:18:29.476+0000] {dag.py:2941} INFO - Sync 1 DAGs
[2023-12-13T15:18:29.507+0000] {logging_mixin.py:154} INFO - [2023-12-13T15:18:29.507+0000] {dag.py:3722} INFO - Setting next_dagrun for daily_transaction_fact to 2023-12-12T00:00:00+00:00, run_after=2023-12-13T00:00:00+00:00
[2023-12-13T15:18:29.529+0000] {processor.py:179} INFO - Processing /opt/airflow/dags/turnover_per_account.py took 0.094 seconds
[2023-12-13T15:19:00.265+0000] {processor.py:157} INFO - Started process (PID=1231) to work on /opt/airflow/dags/turnover_per_account.py
[2023-12-13T15:19:00.266+0000] {processor.py:829} INFO - Processing file /opt/airflow/dags/turnover_per_account.py for tasks to queue
[2023-12-13T15:19:00.268+0000] {logging_mixin.py:154} INFO - [2023-12-13T15:19:00.268+0000] {dagbag.py:536} INFO - Filling up the DagBag from /opt/airflow/dags/turnover_per_account.py
[2023-12-13T15:19:00.278+0000] {processor.py:839} INFO - DAG(s) dict_keys(['daily_transaction_fact']) retrieved from /opt/airflow/dags/turnover_per_account.py
[2023-12-13T15:19:00.301+0000] {logging_mixin.py:154} INFO - [2023-12-13T15:19:00.301+0000] {dag.py:2941} INFO - Sync 1 DAGs
[2023-12-13T15:19:00.329+0000] {logging_mixin.py:154} INFO - [2023-12-13T15:19:00.329+0000] {dag.py:3722} INFO - Setting next_dagrun for daily_transaction_fact to 2023-12-12T00:00:00+00:00, run_after=2023-12-13T00:00:00+00:00
[2023-12-13T15:19:00.352+0000] {processor.py:179} INFO - Processing /opt/airflow/dags/turnover_per_account.py took 0.091 seconds
[2023-12-13T15:19:31.168+0000] {processor.py:157} INFO - Started process (PID=1291) to work on /opt/airflow/dags/turnover_per_account.py
[2023-12-13T15:19:31.169+0000] {processor.py:829} INFO - Processing file /opt/airflow/dags/turnover_per_account.py for tasks to queue
[2023-12-13T15:19:31.170+0000] {logging_mixin.py:154} INFO - [2023-12-13T15:19:31.170+0000] {dagbag.py:536} INFO - Filling up the DagBag from /opt/airflow/dags/turnover_per_account.py
[2023-12-13T15:19:31.179+0000] {processor.py:839} INFO - DAG(s) dict_keys(['daily_transaction_fact']) retrieved from /opt/airflow/dags/turnover_per_account.py
[2023-12-13T15:19:31.207+0000] {logging_mixin.py:154} INFO - [2023-12-13T15:19:31.207+0000] {dag.py:2941} INFO - Sync 1 DAGs
[2023-12-13T15:19:31.237+0000] {logging_mixin.py:154} INFO - [2023-12-13T15:19:31.237+0000] {dag.py:3722} INFO - Setting next_dagrun for daily_transaction_fact to 2023-12-12T00:00:00+00:00, run_after=2023-12-13T00:00:00+00:00
[2023-12-13T15:19:31.257+0000] {processor.py:179} INFO - Processing /opt/airflow/dags/turnover_per_account.py took 0.091 seconds
[2023-12-13T15:20:01.353+0000] {processor.py:157} INFO - Started process (PID=1353) to work on /opt/airflow/dags/turnover_per_account.py
[2023-12-13T15:20:01.354+0000] {processor.py:829} INFO - Processing file /opt/airflow/dags/turnover_per_account.py for tasks to queue
[2023-12-13T15:20:01.356+0000] {logging_mixin.py:154} INFO - [2023-12-13T15:20:01.356+0000] {dagbag.py:536} INFO - Filling up the DagBag from /opt/airflow/dags/turnover_per_account.py
[2023-12-13T15:20:01.363+0000] {processor.py:839} INFO - DAG(s) dict_keys(['daily_transaction_fact']) retrieved from /opt/airflow/dags/turnover_per_account.py
[2023-12-13T15:20:01.385+0000] {logging_mixin.py:154} INFO - [2023-12-13T15:20:01.385+0000] {dag.py:2941} INFO - Sync 1 DAGs
[2023-12-13T15:20:01.419+0000] {logging_mixin.py:154} INFO - [2023-12-13T15:20:01.419+0000] {dag.py:3722} INFO - Setting next_dagrun for daily_transaction_fact to 2023-12-12T00:00:00+00:00, run_after=2023-12-13T00:00:00+00:00
[2023-12-13T15:20:01.446+0000] {processor.py:179} INFO - Processing /opt/airflow/dags/turnover_per_account.py took 0.096 seconds
[2023-12-13T15:20:32.292+0000] {processor.py:157} INFO - Started process (PID=1410) to work on /opt/airflow/dags/turnover_per_account.py
[2023-12-13T15:20:32.293+0000] {processor.py:829} INFO - Processing file /opt/airflow/dags/turnover_per_account.py for tasks to queue
[2023-12-13T15:20:32.295+0000] {logging_mixin.py:154} INFO - [2023-12-13T15:20:32.294+0000] {dagbag.py:536} INFO - Filling up the DagBag from /opt/airflow/dags/turnover_per_account.py
[2023-12-13T15:20:32.302+0000] {processor.py:839} INFO - DAG(s) dict_keys(['daily_transaction_fact']) retrieved from /opt/airflow/dags/turnover_per_account.py
[2023-12-13T15:20:32.406+0000] {logging_mixin.py:154} INFO - [2023-12-13T15:20:32.406+0000] {dag.py:2941} INFO - Sync 1 DAGs
[2023-12-13T15:20:32.428+0000] {logging_mixin.py:154} INFO - [2023-12-13T15:20:32.428+0000] {dag.py:3722} INFO - Setting next_dagrun for daily_transaction_fact to 2023-12-12T00:00:00+00:00, run_after=2023-12-13T00:00:00+00:00
[2023-12-13T15:20:32.446+0000] {processor.py:179} INFO - Processing /opt/airflow/dags/turnover_per_account.py took 0.157 seconds
[2023-12-13T15:21:02.538+0000] {processor.py:157} INFO - Started process (PID=1468) to work on /opt/airflow/dags/turnover_per_account.py
[2023-12-13T15:21:02.539+0000] {processor.py:829} INFO - Processing file /opt/airflow/dags/turnover_per_account.py for tasks to queue
[2023-12-13T15:21:02.541+0000] {logging_mixin.py:154} INFO - [2023-12-13T15:21:02.541+0000] {dagbag.py:536} INFO - Filling up the DagBag from /opt/airflow/dags/turnover_per_account.py
[2023-12-13T15:21:02.550+0000] {processor.py:839} INFO - DAG(s) dict_keys(['daily_transaction_fact']) retrieved from /opt/airflow/dags/turnover_per_account.py
[2023-12-13T15:21:02.572+0000] {logging_mixin.py:154} INFO - [2023-12-13T15:21:02.571+0000] {dag.py:2941} INFO - Sync 1 DAGs
[2023-12-13T15:21:02.602+0000] {logging_mixin.py:154} INFO - [2023-12-13T15:21:02.602+0000] {dag.py:3722} INFO - Setting next_dagrun for daily_transaction_fact to 2023-12-12T00:00:00+00:00, run_after=2023-12-13T00:00:00+00:00
[2023-12-13T15:21:02.621+0000] {processor.py:179} INFO - Processing /opt/airflow/dags/turnover_per_account.py took 0.086 seconds
[2023-12-13T15:21:07.682+0000] {processor.py:157} INFO - Started process (PID=1471) to work on /opt/airflow/dags/turnover_per_account.py
[2023-12-13T15:21:07.683+0000] {processor.py:829} INFO - Processing file /opt/airflow/dags/turnover_per_account.py for tasks to queue
[2023-12-13T15:21:07.685+0000] {logging_mixin.py:154} INFO - [2023-12-13T15:21:07.685+0000] {dagbag.py:536} INFO - Filling up the DagBag from /opt/airflow/dags/turnover_per_account.py
[2023-12-13T15:21:07.693+0000] {processor.py:839} INFO - DAG(s) dict_keys(['daily_']) retrieved from /opt/airflow/dags/turnover_per_account.py
[2023-12-13T15:21:07.806+0000] {logging_mixin.py:154} INFO - [2023-12-13T15:21:07.806+0000] {manager.py:499} INFO - Created Permission View: %s
[2023-12-13T15:21:07.819+0000] {logging_mixin.py:154} INFO - [2023-12-13T15:21:07.819+0000] {manager.py:499} INFO - Created Permission View: %s
[2023-12-13T15:21:07.826+0000] {logging_mixin.py:154} INFO - [2023-12-13T15:21:07.826+0000] {manager.py:499} INFO - Created Permission View: %s
[2023-12-13T15:21:07.826+0000] {logging_mixin.py:154} INFO - [2023-12-13T15:21:07.826+0000] {dag.py:2941} INFO - Sync 1 DAGs
[2023-12-13T15:21:07.839+0000] {logging_mixin.py:154} INFO - [2023-12-13T15:21:07.839+0000] {dag.py:2963} INFO - Creating ORM DAG for daily_
[2023-12-13T15:21:07.852+0000] {logging_mixin.py:154} INFO - [2023-12-13T15:21:07.852+0000] {dag.py:3722} INFO - Setting next_dagrun for daily_ to 2023-12-12T00:00:00+00:00, run_after=2023-12-13T00:00:00+00:00
[2023-12-13T15:21:07.871+0000] {processor.py:179} INFO - Processing /opt/airflow/dags/turnover_per_account.py took 0.191 seconds
[2023-12-13T15:21:11.381+0000] {processor.py:157} INFO - Started process (PID=1493) to work on /opt/airflow/dags/turnover_per_account.py
[2023-12-13T15:21:11.382+0000] {processor.py:829} INFO - Processing file /opt/airflow/dags/turnover_per_account.py for tasks to queue
[2023-12-13T15:21:11.384+0000] {logging_mixin.py:154} INFO - [2023-12-13T15:21:11.383+0000] {dagbag.py:536} INFO - Filling up the DagBag from /opt/airflow/dags/turnover_per_account.py
[2023-12-13T15:21:11.392+0000] {processor.py:839} INFO - DAG(s) dict_keys(['daily_turnover']) retrieved from /opt/airflow/dags/turnover_per_account.py
[2023-12-13T15:21:11.516+0000] {logging_mixin.py:154} INFO - [2023-12-13T15:21:11.516+0000] {manager.py:499} INFO - Created Permission View: %s
[2023-12-13T15:21:11.557+0000] {logging_mixin.py:154} INFO - [2023-12-13T15:21:11.557+0000] {manager.py:499} INFO - Created Permission View: %s
[2023-12-13T15:21:11.576+0000] {logging_mixin.py:154} INFO - [2023-12-13T15:21:11.575+0000] {manager.py:499} INFO - Created Permission View: %s
[2023-12-13T15:21:11.576+0000] {logging_mixin.py:154} INFO - [2023-12-13T15:21:11.576+0000] {dag.py:2941} INFO - Sync 1 DAGs
[2023-12-13T15:21:11.600+0000] {logging_mixin.py:154} INFO - [2023-12-13T15:21:11.599+0000] {dag.py:2963} INFO - Creating ORM DAG for daily_turnover
[2023-12-13T15:21:11.624+0000] {logging_mixin.py:154} INFO - [2023-12-13T15:21:11.624+0000] {dag.py:3722} INFO - Setting next_dagrun for daily_turnover to 2023-12-12T00:00:00+00:00, run_after=2023-12-13T00:00:00+00:00
[2023-12-13T15:21:11.655+0000] {processor.py:179} INFO - Processing /opt/airflow/dags/turnover_per_account.py took 0.277 seconds
[2023-12-13T15:21:14.909+0000] {processor.py:157} INFO - Started process (PID=1511) to work on /opt/airflow/dags/turnover_per_account.py
[2023-12-13T15:21:14.910+0000] {processor.py:829} INFO - Processing file /opt/airflow/dags/turnover_per_account.py for tasks to queue
[2023-12-13T15:21:14.912+0000] {logging_mixin.py:154} INFO - [2023-12-13T15:21:14.911+0000] {dagbag.py:536} INFO - Filling up the DagBag from /opt/airflow/dags/turnover_per_account.py
[2023-12-13T15:21:14.921+0000] {processor.py:839} INFO - DAG(s) dict_keys(['daily_turnover_per_account']) retrieved from /opt/airflow/dags/turnover_per_account.py
[2023-12-13T15:21:15.087+0000] {logging_mixin.py:154} INFO - [2023-12-13T15:21:15.087+0000] {manager.py:499} INFO - Created Permission View: %s
[2023-12-13T15:21:15.098+0000] {logging_mixin.py:154} INFO - [2023-12-13T15:21:15.098+0000] {manager.py:499} INFO - Created Permission View: %s
[2023-12-13T15:21:15.106+0000] {logging_mixin.py:154} INFO - [2023-12-13T15:21:15.106+0000] {manager.py:499} INFO - Created Permission View: %s
[2023-12-13T15:21:15.106+0000] {logging_mixin.py:154} INFO - [2023-12-13T15:21:15.106+0000] {dag.py:2941} INFO - Sync 1 DAGs
[2023-12-13T15:21:15.127+0000] {logging_mixin.py:154} INFO - [2023-12-13T15:21:15.127+0000] {dag.py:2963} INFO - Creating ORM DAG for daily_turnover_per_account
[2023-12-13T15:21:15.146+0000] {logging_mixin.py:154} INFO - [2023-12-13T15:21:15.146+0000] {dag.py:3722} INFO - Setting next_dagrun for daily_turnover_per_account to 2023-12-12T00:00:00+00:00, run_after=2023-12-13T00:00:00+00:00
[2023-12-13T15:21:15.173+0000] {processor.py:179} INFO - Processing /opt/airflow/dags/turnover_per_account.py took 0.268 seconds
[2023-12-13T15:21:45.399+0000] {processor.py:157} INFO - Started process (PID=1567) to work on /opt/airflow/dags/turnover_per_account.py
[2023-12-13T15:21:45.400+0000] {processor.py:829} INFO - Processing file /opt/airflow/dags/turnover_per_account.py for tasks to queue
[2023-12-13T15:21:45.402+0000] {logging_mixin.py:154} INFO - [2023-12-13T15:21:45.401+0000] {dagbag.py:536} INFO - Filling up the DagBag from /opt/airflow/dags/turnover_per_account.py
[2023-12-13T15:21:45.410+0000] {processor.py:839} INFO - DAG(s) dict_keys(['daily_turnover_per_account']) retrieved from /opt/airflow/dags/turnover_per_account.py
[2023-12-13T15:21:45.435+0000] {logging_mixin.py:154} INFO - [2023-12-13T15:21:45.435+0000] {dag.py:2941} INFO - Sync 1 DAGs
[2023-12-13T15:21:45.466+0000] {logging_mixin.py:154} INFO - [2023-12-13T15:21:45.466+0000] {dag.py:3722} INFO - Setting next_dagrun for daily_turnover_per_account to 2023-12-12T00:00:00+00:00, run_after=2023-12-13T00:00:00+00:00
[2023-12-13T15:21:45.488+0000] {processor.py:179} INFO - Processing /opt/airflow/dags/turnover_per_account.py took 0.092 seconds
[2023-12-13T15:22:15.542+0000] {processor.py:157} INFO - Started process (PID=1621) to work on /opt/airflow/dags/turnover_per_account.py
[2023-12-13T15:22:15.543+0000] {processor.py:829} INFO - Processing file /opt/airflow/dags/turnover_per_account.py for tasks to queue
[2023-12-13T15:22:15.545+0000] {logging_mixin.py:154} INFO - [2023-12-13T15:22:15.544+0000] {dagbag.py:536} INFO - Filling up the DagBag from /opt/airflow/dags/turnover_per_account.py
[2023-12-13T15:22:15.552+0000] {processor.py:839} INFO - DAG(s) dict_keys(['daily_turnover_per_account']) retrieved from /opt/airflow/dags/turnover_per_account.py
[2023-12-13T15:22:15.574+0000] {logging_mixin.py:154} INFO - [2023-12-13T15:22:15.574+0000] {dag.py:2941} INFO - Sync 1 DAGs
[2023-12-13T15:22:15.601+0000] {logging_mixin.py:154} INFO - [2023-12-13T15:22:15.601+0000] {dag.py:3722} INFO - Setting next_dagrun for daily_turnover_per_account to 2023-12-12T00:00:00+00:00, run_after=2023-12-13T00:00:00+00:00
[2023-12-13T15:22:15.618+0000] {processor.py:179} INFO - Processing /opt/airflow/dags/turnover_per_account.py took 0.079 seconds
[2023-12-13T15:22:45.758+0000] {processor.py:157} INFO - Started process (PID=1677) to work on /opt/airflow/dags/turnover_per_account.py
[2023-12-13T15:22:45.759+0000] {processor.py:829} INFO - Processing file /opt/airflow/dags/turnover_per_account.py for tasks to queue
[2023-12-13T15:22:45.760+0000] {logging_mixin.py:154} INFO - [2023-12-13T15:22:45.760+0000] {dagbag.py:536} INFO - Filling up the DagBag from /opt/airflow/dags/turnover_per_account.py
[2023-12-13T15:22:45.772+0000] {processor.py:839} INFO - DAG(s) dict_keys(['daily_turnover_per_account']) retrieved from /opt/airflow/dags/turnover_per_account.py
[2023-12-13T15:22:45.803+0000] {logging_mixin.py:154} INFO - [2023-12-13T15:22:45.802+0000] {dag.py:2941} INFO - Sync 1 DAGs
[2023-12-13T15:22:45.837+0000] {logging_mixin.py:154} INFO - [2023-12-13T15:22:45.837+0000] {dag.py:3722} INFO - Setting next_dagrun for daily_turnover_per_account to 2023-12-12T00:00:00+00:00, run_after=2023-12-13T00:00:00+00:00
[2023-12-13T15:22:45.877+0000] {processor.py:179} INFO - Processing /opt/airflow/dags/turnover_per_account.py took 0.124 seconds
[2023-12-13T15:23:16.002+0000] {processor.py:157} INFO - Started process (PID=1731) to work on /opt/airflow/dags/turnover_per_account.py
[2023-12-13T15:23:16.003+0000] {processor.py:829} INFO - Processing file /opt/airflow/dags/turnover_per_account.py for tasks to queue
[2023-12-13T15:23:16.004+0000] {logging_mixin.py:154} INFO - [2023-12-13T15:23:16.004+0000] {dagbag.py:536} INFO - Filling up the DagBag from /opt/airflow/dags/turnover_per_account.py
[2023-12-13T15:23:16.014+0000] {processor.py:839} INFO - DAG(s) dict_keys(['daily_turnover_per_account']) retrieved from /opt/airflow/dags/turnover_per_account.py
[2023-12-13T15:23:16.046+0000] {logging_mixin.py:154} INFO - [2023-12-13T15:23:16.046+0000] {dag.py:2941} INFO - Sync 1 DAGs
[2023-12-13T15:23:16.099+0000] {logging_mixin.py:154} INFO - [2023-12-13T15:23:16.099+0000] {dag.py:3722} INFO - Setting next_dagrun for daily_turnover_per_account to 2023-12-12T00:00:00+00:00, run_after=2023-12-13T00:00:00+00:00
[2023-12-13T15:23:16.133+0000] {processor.py:179} INFO - Processing /opt/airflow/dags/turnover_per_account.py took 0.135 seconds
[2023-12-13T15:23:46.319+0000] {processor.py:157} INFO - Started process (PID=1787) to work on /opt/airflow/dags/turnover_per_account.py
[2023-12-13T15:23:46.320+0000] {processor.py:829} INFO - Processing file /opt/airflow/dags/turnover_per_account.py for tasks to queue
[2023-12-13T15:23:46.320+0000] {logging_mixin.py:154} INFO - [2023-12-13T15:23:46.320+0000] {dagbag.py:536} INFO - Filling up the DagBag from /opt/airflow/dags/turnover_per_account.py
[2023-12-13T15:23:46.328+0000] {processor.py:839} INFO - DAG(s) dict_keys(['daily_turnover_per_account']) retrieved from /opt/airflow/dags/turnover_per_account.py
[2023-12-13T15:23:46.353+0000] {logging_mixin.py:154} INFO - [2023-12-13T15:23:46.352+0000] {dag.py:2941} INFO - Sync 1 DAGs
[2023-12-13T15:23:46.387+0000] {logging_mixin.py:154} INFO - [2023-12-13T15:23:46.387+0000] {dag.py:3722} INFO - Setting next_dagrun for daily_turnover_per_account to 2023-12-12T00:00:00+00:00, run_after=2023-12-13T00:00:00+00:00
[2023-12-13T15:23:46.407+0000] {processor.py:179} INFO - Processing /opt/airflow/dags/turnover_per_account.py took 0.091 seconds
